2025-03-19 13:53:47 error: 데이터베이스 연결 실패로 서버를 시작할 수 없습니다.
2025-03-19 14:41:41 error: 회원 목록 조회 오류: Member.findAll is not a function
2025-03-19 14:41:41 error: 대시보드 정보 조회 오류: Member.count is not a function
2025-03-19 14:41:48 error: 주문 목록 조회 오류: Order.findAll is not a function
2025-03-19 14:41:49 error: 회원 목록 조회 오류: Member.findAll is not a function
2025-03-19 14:41:52 error: 회원 목록 조회 오류: Member.findAll is not a function
2025-03-19 14:41:52 error: 대시보드 정보 조회 오류: Member.count is not a function
2025-03-19 14:43:38 error: 대시보드 정보 조회 오류: Member.count is not a function
2025-03-19 14:43:38 error: 회원 목록 조회 오류: Member.findAll is not a function
2025-03-19 14:52:47 error: 대시보드 정보 조회 오류: Member.count is not a function
2025-03-19 14:52:47 error: 회원 목록 조회 오류: Member.findAll is not a function
2025-03-19 17:24:42 error: 상품 등록 오류: pool is not defined
2025-03-20 10:04:57 error: 상품 등록 오류: pool is not defined
2025-03-20 10:16:56 error: 상품 등록 오류: Unknown column 'hashed_file_name' in 'field list'
2025-03-20 10:22:21 error: 상품 등록 오류: Unknown column 'hashed_file_name' in 'field list'
2025-03-20 10:23:43 error: 상품 등록 오류: Column 'original_file_name' specified twice
2025-03-20 12:48:25 error: 상품 수정 오류: Assignment to constant variable.
2025-03-20 12:58:43 error: 상품 수정 오류: Assignment to constant variable.
2025-03-20 12:59:43 error: 상품 수정 오류: Assignment to constant variable.
2025-03-20 13:00:13 error: 상품 수정 오류: Assignment to constant variable.
2025-03-25 18:01:31 error: 오류 발생: Cannot read properties of undefined (reading 'user')
2025-03-25 18:01:31 error: 오류 발생: Cannot read properties of undefined (reading 'user')
2025-03-25 18:02:26 error: 오류 발생: Cannot read properties of undefined (reading 'user')
2025-03-25 18:02:26 error: 오류 발생: Cannot read properties of undefined (reading 'user')
2025-03-25 18:04:08 error: 오류 발생: Cannot read properties of undefined (reading 'user')
2025-03-25 18:04:08 error: 오류 발생: Cannot read properties of undefined (reading 'user')
2025-03-25 18:05:14 error: 오류 발생: Cannot read properties of undefined (reading 'user')
2025-03-25 18:05:14 error: 오류 발생: Cannot read properties of undefined (reading 'user')
2025-03-25 18:12:35 error: 로그인 오류: Cannot set properties of undefined (setting 'user')
2025-03-25 18:12:44 error: 로그인 오류: Cannot set properties of undefined (setting 'user')
2025-03-25 18:16:41 error: 로그인 오류: req.session.save is not a function
2025-03-25 19:36:23 error: 데이터베이스 연결 실패로 서버를 시작할 수 없습니다.
2025-03-26 06:23:41 error: 로그인 오류: alert is not defined
2025-03-26 06:24:06 error: 로그인 오류: alert is not defined
2025-03-26 06:24:12 error: 로그인 오류: alert is not defined
2025-03-26 06:56:35 error: 주문 목록 조회 오류: Cannot read properties of undefined (reading 'id')
2025-03-26 07:22:01 error: 주문 목록 조회 오류: Cannot read properties of undefined (reading 'id')
2025-03-26 07:26:23 error: 주문 목록 조회 오류: Cannot read properties of undefined (reading 'id')
2025-03-26 07:26:24 error: 주문 목록 조회 오류: Cannot read properties of undefined (reading 'id')
2025-03-26 07:26:28 error: 주문 목록 조회 오류: Cannot read properties of undefined (reading 'id')
2025-03-26 07:27:00 error: 주문 목록 조회 오류: Cannot read properties of undefined (reading 'id')
2025-03-26 07:31:29 error: 주문 목록 조회 오류: Cannot read properties of undefined (reading 'id')
2025-03-26 07:33:57 error: 주문 목록 조회 오류: Cannot read properties of undefined (reading 'id')
2025-03-26 07:45:38 error: 장바구니 조회 오류: Cannot read properties of undefined (reading 'id')
2025-03-26 08:05:08 error: 오류 발생: Cannot read properties of undefined (reading 'role')
2025-03-26 08:10:55 error: 오류 발생: Cannot read properties of undefined (reading 'role')
2025-03-26 08:15:36 error: 오류 발생: Cannot read properties of undefined (reading 'role')
2025-03-26 08:55:46 error: 오류 발생: Cannot read properties of undefined (reading 'role')
2025-03-26 08:57:19 error: 오류 발생: Cannot read properties of undefined (reading 'role')
2025-03-26 08:57:55 error: 오류 발생: Cannot read properties of undefined (reading 'role')
2025-03-26 09:08:43 error: 오류 발생: Cannot read properties of undefined (reading 'role')
2025-03-26 09:18:46 error: 주문 생성 오류: Cannot read properties of undefined (reading 'id')
